TN:
SF:src/greeter.ts
FN:2,Greeter
FN:4,Object.<anonymous>.Greeter.getMessage
FNF:2
FNH:2
FNDA:1,Greeter
FNDA:1,Object.<anonymous>.Greeter.getMessage
DA:1,1
DA:2,1
DA:3,1
DA:4,1
DA:5,1
DA:6,1
DA:7,1
LF:7
LH:7
BRDA:1,0,0,1
BRDA:2,1,0,1
BRDA:4,2,0,1
BRF:3
BRH:3
end_of_record
TN:
SF:src/rest.ts
FN:8,getData
FNF:1
FNH:1
FNDA:2,getData
DA:1,1
DA:2,1
DA:3,1
DA:4,1
DA:5,1
DA:6,1
DA:7,1
DA:8,2
DA:9,2
DA:10,2
DA:11,2
LF:11
LH:11
BRDA:8,0,0,2
BRDA:9,1,0,2
BRDA:10,2,0,1
BRDA:10,3,0,1
BRF:4
BRH:4
end_of_record
